<?xml version="1.0" encoding="UTF-8"?>
<!-- Generated by org.testng.reporters.JUnitReportReporter -->
<testsuite hostname="UDAY" failures="0" tests="5" name="sep21.AppTest" time="7.411" errors="0" timestamp="2022-09-23T19:38:39 IST" skipped="0">
  <testcase classname="sep21.AppTest" name="VerifyLogin" time="0.800"/>
  <testcase classname="sep21.AppTest" name="VerifyLogin" time="2.912"/>
  <testcase classname="sep21.AppTest" name="VerifyLogin" time="1.113"/>
  <testcase classname="sep21.AppTest" name="VerifyLogin" time="0.800"/>
  <testcase classname="sep21.AppTest" name="VerifyLogin" time="1.786"/>
</testsuite> <!-- sep21.AppTest -->
